Ariosto's Project 2 started
Thread A (0x70000dcbe000) created
Thread B (0x70000dd41000) created
1 2 3 4 5 6 7 8 9 10 11 12 13 14 15 16 17 18 19 20 21 22 23 24 25 26 
1 2 3 4 5 6 7 8 9 10 11 12 13 14 15 16 17 18 19 20 21 22 23 24 25 26 
1 2 3 4 5 6 7 8 9 10 11 12 13 14 15 16 17 18 19 20 21 22 23 24 25 26 
1 2 3 4 5 6 7 8 9 10 11 12 13 14 15 16 17 18 19 20 21 22 23 24 25 26 
1 2 3 4 5 6 7 8 9 10 11 12 13 14 15 16 17 18 19 20 21 22 23 24 25 26 
1 2 3 4 5 6 7 8 9 10 11 12 13 14 15 16 17 18 19 20 21 22 23 24 25 26 
1 2 3 4 5 6 7 8 9 10 11 12 13 14 15 16 17 18 19 20 21 22 23 24 25 26 
1 2 3 4 5 6 7 8 9 10 11 12 13 14 15 16 17 18 19 20 21 22 23 24 25 26 
1 2 3 4 5 6 7 8 9 10 11 12 13 14 15 16 17 18 19 20 21 22 23 24 25 26 
1 2 3 4 5 6 7 8 9 10 11 12 13 14 15 16 17 18 19 20 21 22 23 24 25 26 
...(10 total times)
A B C D E F G H I J K L M N O P Q R S T U V W X Y Z 
A B C D E F G H I J K L M N O P Q R S T U V W X Y Z 
A B C D E F G H I J K L M N O P Q R S T U V W X Y Z 
A B C D E F G H I J K L M N O P Q R S T U V W X Y Z 
A B C D E F G H I J K L M N O P Q R S T U V W X Y Z 
A B C D E F G H I J K L M N O P Q R S T U V W X Y Z 
A B C D E F G H I J K L M N O P Q R S T U V W X Y Z 
A B C D E F G H I J K L M N O P Q R S T U V W X Y Z 
A B C D E F G H I J K L M N O P Q R S T U V W X Y Z 
A B C D E F G H I J K L M N O P Q R S T U V W X Y Z 
...(10 total times)
Thread A (0x70000dcbe000) terminated
Thread B (0x70000dd41000) terminated
Ariosto's Project 2 ended
